<?xml version="1.0" encoding="UTF-8" standalone="no"?>
<testsuite errors="0" failures="1" name="io.cucumber.core.plugin.JUnitFormatter" skipped="0" tests="37" time="183.977">
<testcase classname="Accounts" name="Click on first account" time="2.079">
<system-out><![CDATA[Given that I login as a user................................................passed
When I click on the first account displayed.................................passed
Then I should be redirected to the account.html.............................passed
]]></system-out>
</testcase>
<testcase classname="Accounts" name="Transfer Valid amount of money to another account" time="4.194">
<system-out><![CDATA[Given I am on the first accounts, accounts page.............................passed
When I select the 1 account in transfer between accounts....................passed
And I type in a valid amount of "00.01" into the transfer amount............passed
And I click the submit transfer button......................................passed
Then money amount should be taken from my account...........................passed
]]></system-out>
</testcase>
<testcase classname="Accounts" name="I click on the User page button" time="3.176">
<system-out><![CDATA[Given I am on the first accounts, accounts page.............................passed
And I click on the user page button on the accounts page....................passed
Then I should be redirected to the user-page.html...........................passed
]]></system-out>
</testcase>
<testcase classname="Accounts" name="I logout from the accounts page" time="5.174">
<system-out><![CDATA[Given I am on the first accounts, accounts page.............................passed
When I click on the logout button on the accounts page......................passed
Then I should be redirected to the index.html...............................passed
]]></system-out>
</testcase>
<testcase classname="EditUserInfo" name="Valid Updates For user information" time="4.242">
<system-out><![CDATA[Given I am on the edit user info page.......................................passed
When I type in a first name of "Bruce"......................................passed
And I type in a valid last name of "Wayne"..................................passed
And I type a valid phone number of "999-999-9999"...........................passed
And I click on the submit changes button....................................passed
Then I should be redirected to the user-page.html...........................passed
But the name should now match "Bruce""Wayne"................................passed
And the phone number should match "999-999-9999"............................passed
]]></system-out>
</testcase>
<testcase classname="EditUserInfo" name="Valid Updates For user information 2" time="4.101">
<failure message="expected [Barry Allen] but found [BruceBarry Allen]" type="java.lang.AssertionError"><![CDATA[Given I am on the edit user info page.......................................passed
When I type in a first name of "Barry"......................................passed
And I type in a valid last name of "Allen"..................................passed
And I type a valid phone number of "888-888-8888"...........................passed
And I click on the submit changes button....................................passed
Then I should be redirected to the user-page.html...........................passed
But the name should now match "Barry""Allen"................................failed
And the phone number should match "888-888-8888"............................skipped

StackTrace:
java.lang.AssertionError: expected [Barry Allen] but found [BruceBarry Allen]
	at org.testng.Assert.fail(Assert.java:110)
	at org.testng.Assert.failNotEquals(Assert.java:1413)
	at org.testng.Assert.assertEqualsImpl(Assert.java:149)
	at org.testng.Assert.assertEquals(Assert.java:131)
	at org.testng.Assert.assertEquals(Assert.java:655)
	at org.testng.Assert.assertEquals(Assert.java:665)
	at com.revmo.steps.EditUserInfoSteps.theNameShouldNowMatch(EditUserInfoSteps.java:102)
	at ✽.the name should now match "Barry""Allen"(file:///C:/Users/chris/OneDrive/Desktop/Project%203/p3Test/src/test/resources/editUsersInfo.feature:10)
]]></failure>
</testcase>
<testcase classname="EditUserInfo" name="Valid Updates For user information 3" time="4.189">
<system-out><![CDATA[Given I am on the edit user info page.......................................passed
When I type in a first name of "Peter"......................................passed
And I type in a valid last name of "Parker".................................passed
And I type a valid phone number of "777-777-7777"...........................passed
And I click on the submit changes button....................................passed
Then I should be redirected to the user-page.html...........................passed
But the name should now match "Peter""Parker"...............................passed
And the phone number should match "777-777-7777"............................passed
]]></system-out>
</testcase>
<testcase classname="EditUserInfo" name="Logout from edit user info page" time="3.533">
<system-out><![CDATA[Given I am on the edit user info page.......................................passed
When I click on the logout button on the edit user info page................passed
Then I should be redirected to the index.html...............................passed
]]></system-out>
</testcase>
<testcase classname="EditUserInfo" name="Go back to the user page" time="2.201">
<system-out><![CDATA[Given I am on the edit user info page.......................................passed
When I click on the User page button on the edit user info page.............passed
Then I should be redirected to the user-page.html...........................passed
]]></system-out>
</testcase>
<testcase classname="Employee" name="I login as an employee" time="1.287">
<system-out><![CDATA[Given that I login as an employee...........................................passed
Then I should be redirected to the employee.html............................passed
]]></system-out>
</testcase>
<testcase classname="Employee" name="I input a customers email while logged in as an employee" time="3.094">
<system-out><![CDATA[Given that I login as an employee...........................................passed
When I type in a valid email of "jd80@a.ca" into set active user............passed
And I click on the search button in the form set active user................passed
Then A table should generate with accounts for "jd80@a.ca"..................passed
]]></system-out>
</testcase>
<testcase classname="Employee" name="I input a customers email while logged in as an employee 2" time="3.142">
<system-out><![CDATA[Given that I login as an employee...........................................passed
When I type in a valid email of "jd81@a.ca" into set active user............passed
And I click on the search button in the form set active user................passed
Then A table should generate with accounts for "jd81@a.ca"..................passed
]]></system-out>
</testcase>
<testcase classname="Employee" name="Add savings account to user" time="6.194">
<system-out><![CDATA[Given that I login as an employee...........................................passed
When I type in a valid email of "jd81@a.ca" into set active user............passed
And I click on the search button in the form set active user................passed
And I click on the savings radio button.....................................passed
And I click the add account submit button...................................passed
Then a new account should appear............................................passed
]]></system-out>
</testcase>
<testcase classname="Employee" name="Add checking account to user" time="6.506">
<system-out><![CDATA[Given that I login as an employee...........................................passed
When I type in a valid email of "jd81@a.ca" into set active user............passed
And I click on the search button in the form set active user................passed
And I click on the checking radio button....................................passed
And I click the add account submit button...................................passed
Then a new account should appear............................................passed
]]></system-out>
</testcase>
<testcase classname="Employee" name="Link Account to user" time="5.997">
<system-out><![CDATA[Given that I login as an employee...........................................passed
When I type in a valid email of "jd80@a.ca" into set active user............passed
And I click on the search button in the form set active user................passed
And I type in an account number of "1"......................................passed
And I click on the link account button......................................passed
Then a new account should appear............................................passed
]]></system-out>
</testcase>
<testcase classname="Employee" name="Link Account to user 2" time="5.951">
<system-out><![CDATA[Given that I login as an employee...........................................passed
When I type in a valid email of "jd80@a.ca" into set active user............passed
And I click on the search button in the form set active user................passed
And I type in an account number of "2"......................................passed
And I click on the link account button......................................passed
Then a new account should appear............................................passed
]]></system-out>
</testcase>
<testcase classname="Employee" name="Link Account to user 3" time="5.965">
<system-out><![CDATA[Given that I login as an employee...........................................passed
When I type in a valid email of "jd80@a.ca" into set active user............passed
And I click on the search button in the form set active user................passed
And I type in an account number of "3"......................................passed
And I click on the link account button......................................passed
Then a new account should appear............................................passed
]]></system-out>
</testcase>
<testcase classname="Employee" name="Unlink first Account from user" time="5.53">
<system-out><![CDATA[Given that I login as an employee...........................................passed
When I type in a valid email of "jd80@a.ca" into set active user............passed
And I click on the search button in the form set active user................passed
And I select account "1" from unlink dropdown...............................passed
And I click on the unlink account button....................................passed
Then the account should not be listed should be removed.....................passed
]]></system-out>
</testcase>
<testcase classname="Employee" name="Unlink first Account from user 2" time="5.366">
<system-out><![CDATA[Given that I login as an employee...........................................passed
When I type in a valid email of "jd80@a.ca" into set active user............passed
And I click on the search button in the form set active user................passed
And I select account "2" from unlink dropdown...............................passed
And I click on the unlink account button....................................passed
Then the account should not be listed should be removed.....................passed
]]></system-out>
</testcase>
<testcase classname="Employee" name="Unlink first Account from user 3" time="5.507">
<system-out><![CDATA[Given that I login as an employee...........................................passed
When I type in a valid email of "jd80@a.ca" into set active user............passed
And I click on the search button in the form set active user................passed
And I select account "3" from unlink dropdown...............................passed
And I click on the unlink account button....................................passed
Then the account should not be listed should be removed.....................passed
]]></system-out>
</testcase>
<testcase classname="Employee" name="Logout from employee page" time="3.243">
<system-out><![CDATA[Given that I login as an employee...........................................passed
When I click on logout on employee page.....................................passed
Then I should be redirected to the index.html...............................passed
]]></system-out>
</testcase>
<testcase classname="Employee" name="Access Trx information for an certain account" time="3.245">
<system-out><![CDATA[Given that I login as an employee...........................................passed
When I type in a valid email of "jd80@a.ca" into set active user............passed
And I click on the search button in the form set active user................passed
And I click on the first account............................................passed
And I click back............................................................passed
Then I should be at the original table on employees.........................passed
]]></system-out>
</testcase>
<testcase classname="Employee" name="Transfer money for user" time="3.971">
<system-out><![CDATA[Given that I login as an employee...........................................passed
When I type in a valid email of "jd80@a.ca" into set active user............passed
And I click on the search button in the form set active user................passed
And I select the first account in the dropdown for sending id...............passed
And I select the second account in the dropdown for receiving id............passed
And I type in a valid amount of "00.01" into amount for transfer between accounts.passed
And I click the submit button fot transfer between accounts.................passed
Then both accounts will have a different balance............................passed
]]></system-out>
</testcase>
<testcase classname="Login" name="Valid user login" time="1.282">
<system-out><![CDATA[Given I am at the login page................................................passed
When I type in a username "jd80@a.ca".......................................passed
And I type in a password "Password123!".....................................passed
And I click on the login button on login page...............................passed
Then I should be redirected to the user-page.html...........................passed
]]></system-out>
</testcase>
<testcase classname="Login" name="Valid user login 2" time="1.241">
<system-out><![CDATA[Given I am at the login page................................................passed
When I type in a username "jd81@a.ca".......................................passed
And I type in a password "Password123!".....................................passed
And I click on the login button on login page...............................passed
Then I should be redirected to the user-page.html...........................passed
]]></system-out>
</testcase>
<testcase classname="Login" name="Valid user login 3" time="1.281">
<system-out><![CDATA[Given I am at the login page................................................passed
When I type in a username "jd800@a.ca"......................................passed
And I type in a password "Password123!".....................................passed
And I click on the login button on login page...............................passed
Then I should be redirected to the employee.html............................passed
]]></system-out>
</testcase>
<testcase classname="Login" name="Invalid user login" time="1.216">
<system-out><![CDATA[Given I am at the login page................................................passed
When I type in a username "j80@a.ca"........................................passed
And I type in a password "Password123!".....................................passed
And I click on the login button on login page...............................passed
Then I should receive the error on the login page "Invalid email and/or password".passed
]]></system-out>
</testcase>
<testcase classname="Login" name="Invalid user login 2" time="1.195">
<system-out><![CDATA[Given I am at the login page................................................passed
When I type in a username "jd81@a.ca".......................................passed
And I type in a password "password123!".....................................passed
And I click on the login button on login page...............................passed
Then I should receive the error on the login page "Invalid email and/or password".passed
]]></system-out>
</testcase>
<testcase classname="Login" name="Invalid user login 3" time="1.23">
<system-out><![CDATA[Given I am at the login page................................................passed
When I type in a username ""................................................passed
And I type in a password "".................................................passed
And I click on the login button on login page...............................passed
Then I should receive the error on the login page "Invalid email and/or password".passed
]]></system-out>
</testcase>
<testcase classname="UserPage" name="Valid user login" time="1.683">
<system-out><![CDATA[Given that I login as a user................................................passed
Then I should be redirected to the user-page.html...........................passed
]]></system-out>
</testcase>
<testcase classname="UserPage" name="I click on the first account on the user page" time="2.032">
<system-out><![CDATA[Given that I login as a user................................................passed
When I click on the first account displayed.................................passed
Then I should be redirected to the account.html.............................passed
]]></system-out>
</testcase>
<testcase classname="UserPage" name="I click on the edit user info button on the user-page" time="2.048">
<system-out><![CDATA[Given that I login as a user................................................passed
When I click on the edit user info button...................................passed
Then I should be redirected to the edit-user-info.html......................passed
]]></system-out>
</testcase>
<testcase classname="UserPage" name="I click on the all income button on the user-page" time="1.971">
<system-out><![CDATA[Given that I login as a user................................................passed
When I click on the all income button.......................................passed
Then I should be redirected to the income.html..............................passed
]]></system-out>
</testcase>
<testcase classname="UserPage" name="I click on the pending transaction button on the user-page" time="2.078">
<system-out><![CDATA[Given that I login as a user................................................passed
When I click on the pending transactions button.............................passed
Then I should be redirected to the pending-transactions.html................passed
]]></system-out>
</testcase>
<testcase classname="UserPage" name="Send valid amount of money to valid email" time="3.291">
<system-out><![CDATA[Given that I login as a user................................................passed
When I scroll down to see send money........................................passed
And I select the first account in send money................................passed
And I type in an email of "jd81@a.ca" into send email.......................passed
And I type in a valid amount of "00.01" into send money.....................passed
And I click on send money submit button.....................................passed
And I scroll back up from send money........................................passed
Then My first account should have less money................................passed
]]></system-out>
</testcase>
<testcase classname="UserPage" name="Request money from a valid email" time="2.304">
<system-out><![CDATA[Given that I login as a user................................................passed
When I scroll down to see request money.....................................passed
And I type in a valid email of "jd81@a.ca" into request email...............passed
And I select the first account in request money.............................passed
And I type in a valid amount of "1" into request money......................passed
Then I click on request money submit button.................................passed
]]></system-out>
</testcase>
<testcase classname="UserPage" name="I logout of my account from user-page" time="3.356">
<system-out><![CDATA[Given that I login as a user................................................passed
When I click on the logout button on the user-page..........................passed
Then I should be redirected to the index.html...............................passed
]]></system-out>
</testcase>
</testsuite>
